Microsoft (R) Macro Assembler Version 14.28.29913.0	    05/29/21 23:31:49
0String Primitives & MACROs     (Proj6_byrdr.asm	     Page 1 - 1


				TITLE String Primitives & MACROs     (Proj6_byrdr.asm)

				; Author: Ravonne Byrd
				; Last Modified: May 28, 2021
				; OSU email address: byrdr@oregonstate.edu
				; Course number/section:   CS271 Section 400
				; Project Number:  6               Due Date: June 6, 2021
				; Description: TODO

				INCLUDE Irvine32.inc
			      C ; Include file for Irvine32.lib             (Irvine32.inc)
			      C 
			      C ;OPTION CASEMAP:NONE		; optional: make identifiers case-sensitive
			      C 
			      C INCLUDE SmallWin.inc		; MS-Windows prototypes, structures, and constants
			      C .NOLIST
			      C .LIST
			      C 
			      C INCLUDE VirtualKeys.inc
			      C ; VirtualKeys.inc
			      C .NOLIST
			      C .LIST
			      C 
			      C 
			      C .NOLIST
			      C .LIST
			      C 

				;-----------------------------------------------------------------------------------------------------------
				; Name: mGetString
				;
				; This MACRO processes strings by using Irvine's ReadString 
				;   to get user input.
				;
				; Preconditions:    Uses and restores edx, ecx, eax
				;                   Uses mDisplayString - which cannot accept argument using edx. 
				;
				; Postconditions: None
				;
				; Receives:
				;           offsetPrompt                = reference input parameter, prompt string array
				;           offsetUserInputStorage      = reference output parameter, user entered string 
				;           maxArray                    = value input parameter, max size of array allowed for input
				;           lengthInput                 = reference output parameter, actual size, in bytes, of input
				;
				; Returns:
				;            offsetUserInputStorage      = reference output parameter, user entered string
				;            lengthInput                 = reference output parameter, actual size, in bytes, of user input
				;-------------------------------------------------------------------------------------------------------------
				mGetString MACRO offsetPrompt:REQ, offsetUserInputStorage:REQ, maxArray:REQ, lengthInput:REQ
				    push    edx
				    push    ecx
				    push    eax

				    ; display prompt
				    mDisplayString  offsetPrompt

				    ; get user input
				    mov     edx, offsetUserInputStorage
				    mov     ecx, maxArray
				    call    ReadString
				    mov     DWORD PTR [lengthInput], eax

				    pop     eax
				    pop     ecx
				    pop     edx
				ENDM

				;---------------------------------------------------------------------------
				; Name: mDisplayString
				;
				; This MACRO uses Irvine's WriteString to print a memory addressed string.
				;
				; Preconditions: Do not use edx as an argument.
				;
				; Postconditions: edx (used and restored)
				;
				; Receives:
				;           offsetString = reference input parameter, string array address
				;
				; Returns: None
				;--------------------------------------------------------------------------
				mDisplayString MACRO offsetString:REQ
				    push    edx
				    mov     edx, offsetString
				    call    WriteString
				    call    CrLf
				    pop     edx
				ENDM


				; constant definitions
 =-80000000			LO_INT_SDWORD       =   -2147483648
 = 7FFFFFFF			HI_INT_SDWORD       =   2147483647

 = 00000030			LO_ASCII_DEC_NUM    =   48
 = 00000039			HI_ASCII_DEC_NUM    =   57

 = 0000002D			NEG_SIGN            =   45
 = 00000000			ZERO                =   0
 = 00000001			ONE                 =   1
 = 0000000A			TEN                 =   10
 = 00000030			FORTY_EIGHT         =   48

 00000000			.data
				    ; string array variables
 00000000 4C 6F 77 65 72	    programTitle                BYTE        "Lower-Level I/O Procedures for Numerical Strings by Ravonne Byrd",0
	   2D 4C 65 76 65
	   6C 20 49 2F 4F
	   20 50 72 6F 63
	   65 64 75 72 65
	   73 20 66 6F 72
	   20 4E 75 6D 65
	   72 69 63 61 6C
	   20 53 74 72 69
	   6E 67 73 20 62
	   79 20 52 61 76
	   6F 6E 6E 65 20
	   42 79 72 64 00
 00000041 49 66 20 79 6F	    programDescription          BYTE        "If you input 10 integers that can each fit in a signed doubleword,",13,10,
	   75 20 69 6E 70
	   75 74 20 31 30
	   20 69 6E 74 65
	   67 65 72 73 20
	   74 68 61 74 20
	   63 61 6E 20 65
	   61 63 68 20 66
	   69 74 20 69 6E
	   20 61 20 73 69
	   67 6E 65 64 20
	   64 6F 75 62 6C
	   65 77 6F 72 64
	   2C 0D 0A 74 68
	   69 73 20 70 72
	   6F 67 72 61 6D
	   20 77 69 6C 6C
	   20 64 69 73 70
	   6C 61 79 20 74
	   68 61 74 20 6C
	   69 73 74 20 6F
	   66 20 69 6E 74
	   65 67 65 72 73
	   2C 20 61 73 20
	   77 65 6C 6C 20
	   61 73 0D 0A 72
	   65 70 6F 72 74
	   20 62 61 63 6B
	   20 74 68 65 69
	   72 20 73 75 6D
	   20 61 6E 64 20
	   72 6F 75 6E 64
	   65 64 20 61 76
	   65 72 61 67 65
	   2E 0D 0A 00
				                                            "this program will display that list of integers, as well as",13,10,
				                                            "report back their sum and rounded average.",13,10,0
 000000EF 50 6C 65 61 73	    userPrompt                  BYTE        "Please enter your integer: ",0
	   65 20 65 6E 74
	   65 72 20 79 6F
	   75 72 20 69 6E
	   74 65 67 65 72
	   3A 20 00
 0000010B 54 72 79 20 61	    secondUserPrompt            BYTE        "Try again: ",0
	   67 61 69 6E 3A
	   20 00
 00000117 41 72 65 20 79	    errorMessage                BYTE        "Are you sure that was an integer? Maybe it was too large for 32-bits.",13,10,0
	   6F 75 20 73 75
	   72 65 20 74 68
	   61 74 20 77 61
	   73 20 61 6E 20
	   69 6E 74 65 67
	   65 72 3F 20 4D
	   61 79 62 65 20
	   69 74 20 77 61
	   73 20 74 6F 6F
	   20 6C 61 72 67
	   65 20 66 6F 72
	   20 33 32 2D 62
	   69 74 73 2E 0D
	   0A 00
 0000015F 54 68 61 6E 6B	    goodbyeMessage              BYTE        "Thank you for your participation, and please enjoy your day.",13,10,0
	   20 79 6F 75 20
	   66 6F 72 20 79
	   6F 75 72 20 70
	   61 72 74 69 63
	   69 70 61 74 69
	   6F 6E 2C 20 61
	   6E 64 20 70 6C
	   65 61 73 65 20
	   65 6E 6A 6F 79
	   20 79 6F 75 72
	   20 64 61 79 2E
	   0D 0A 00

				    ; variables for user input
 0000019E  0000000F [		    userNum                     BYTE        15 DUP(?)           ; user input buffer
	    00
	   ]
 000001AD 0000000F		    maxCharUserNum              DWORD       SIZEOF usernum      ; max size of userNum
 000001B1 00000000		    byteCount                   DWORD       ?                   ; holds count of actual bytes used in userNum

				    ; ReadVal procedure variables
 000001B5 00000000		    numInt                      SDWORD      0 
 000001B9 00000000		    negate                      DWORD       0
				    

 00000000			.code
 00000000			main PROC

 00000000  68 00000000 R	    push    offset programTitle
 00000005  68 00000041 R	    push    offset programDescription
 0000000A  E8 0000003F		    call    Introduction

				;    mov     ecx, 10
 0000000F			_inputLoop: 
				    
 0000000F  68 00000117 R	    push    offset errorMessage
 00000014  68 000001B9 R	    push    offset negate
 00000019  68 0000010B R	    push    offset secondUserPrompt
 0000001E  68 000001B5 R	    push    offset numInt
 00000023  68 000000EF R	    push    offset userPrompt
 00000028  68 0000019E R	    push    offset userNum
 0000002D  FF 35 000001AD R	    push    MaxCharUserNum
 00000033  68 000001B1 R	    push    offset byteCount
 00000038  E8 00000042		    call    ReadVal

				;    LOOP    _inputLoop

 0000003D			_error:

 0000003D			_continue:

 0000003D  68 0000015F R	    push    offset goodbyeMessage
 00000042  E8 000000EF		    call    Goodbye

				    Invoke ExitProcess,0	; exit to operating system
 00000047  6A 00	   *	    push   +000000000h
 00000049  E8 00000000 E   *	    call   ExitProcess
 0000004E			main ENDP

				;---------------------------------------------------------------------------------
				; Name: Introduction
				;
				; This procedure displays the program's title, author, and description
				;   to the user.
				;
				; Preconditions: Uses mDisplayString - which cannot accept argument using edx. 
				;
				; Postconditions: None
				;
				; Receives:
				;           [ebp+16] = reference of string input parameter - program's title
				;           [ebp+12] = reference of string input parameter - program's description
				;
				; Returns: None
				;-----------------------------------------------------------------------------------
 0000004E			Introduction PROC USES edx
 0000004E  52		   *	    push   edx
 0000004F  55			    push    ebp
 00000050  8B EC		    mov     ebp, esp

 00000052  E8 00000000 E	    call                CrLf
				    mDisplayString      [ebp+16]
 00000057  52		     1	    push    edx
 00000058  8B 55 10	     1	    mov     edx, [ebp+16]
 0000005B  E8 00000000 E     1	    call    WriteString
 00000060  E8 00000000 E     1	    call    CrLf
 00000065  5A		     1	    pop     edx
 00000066  E8 00000000 E	    call                CrLf
				    mDisplayString      [ebp+12]
 0000006B  52		     1	    push    edx
 0000006C  8B 55 0C	     1	    mov     edx, [ebp+12]
 0000006F  E8 00000000 E     1	    call    WriteString
 00000074  E8 00000000 E     1	    call    CrLf
 00000079  5A		     1	    pop     edx

 0000007A  5D			    pop     ebp
 0000007B  5A		   *	    pop    edx
 0000007C  C2 0008		    RET     8
 0000007F			Introduction EndP

				;----------------------------------------------------------------------------------------------------
				; Name: ReadVal
				;
				; Description:
				;
				; Preconditions: Uses and restores esi, eax, ecx, edx
				;               Uses mGetString, which uses and restores edx, ecx.
				;               Uses mDisplayString - which cannot accept argument using edx. 
				;
				; Postconditions:
				;
				; Receives:
				;           [ebp+56]    =   reference input parameter, error message
				;           [ebp+52]    =   reference output parameter, negate
				;           [ebp+48]    =   reference input parameter, try again prompt
				;           [ebp+44]    =   reference output parameter, int to add to array of user inputted values
				;       Primarily for mGetString:
				;           [ebp+40]    =   reference input parameter, prompt string array
				;           [ebp+36]    =   reference output parameter, user entered string 
				;           [ebp+32]    =   value input parameter, max size of array allowed for input
				;           [ebp+28]    =   reference output parameter, actual size, in bytes, of input
				;
				; Returns:
				;           [ebp+40]    =   reference output parameter, int to add to array of user inputted values
				;-----------------------------------------------------------------------------------------------------
 0000007F			ReadVal PROC USES eax ecx edx esi ebx
 0000007F  50		   *	    push   eax
 00000080  51		   *	    push   ecx
 00000081  52		   *	    push   edx
 00000082  56		   *	    push   esi
 00000083  53		   *	    push   ebx
 00000084  55			    push    ebp
 00000085  8B EC		    mov     ebp, esp

 00000087			_firstTry:
				    mGetString      [ebp+40], [ebp+36], [ebp+32], [ebp+28]
 00000087  52		     1	    push    edx
 00000088  51		     1	    push    ecx
 00000089  50		     1	    push    eax
 0000008A  52		     2	    push    edx
 0000008B  8B 55 28	     2	    mov     edx, [ebp+40]
 0000008E  E8 00000000 E     2	    call    WriteString
 00000093  E8 00000000 E     2	    call    CrLf
 00000098  5A		     2	    pop     edx
 00000099  8B 55 24	     1	    mov     edx, [ebp+36]
 0000009C  8B 4D 20	     1	    mov     ecx, [ebp+32]
 0000009F  E8 00000000 E     1	    call    ReadString
 000000A4  89 45 1C	     1	    mov     DWORD PTR [[ebp+28]], eax
 000000A7  58		     1	    pop     eax
 000000A8  59		     1	    pop     ecx
 000000A9  5A		     1	    pop     edx
 000000AA  EB 29		    jmp     _validationLoop

 000000AC			_tryAgain:
				    mGetString      [ebp+48], [ebp+36], [ebp+32], [ebp+28]
 000000AC  52		     1	    push    edx
 000000AD  51		     1	    push    ecx
 000000AE  50		     1	    push    eax
 000000AF  52		     2	    push    edx
 000000B0  8B 55 30	     2	    mov     edx, [ebp+48]
 000000B3  E8 00000000 E     2	    call    WriteString
 000000B8  E8 00000000 E     2	    call    CrLf
 000000BD  5A		     2	    pop     edx
 000000BE  8B 55 24	     1	    mov     edx, [ebp+36]
 000000C1  8B 4D 20	     1	    mov     ecx, [ebp+32]
 000000C4  E8 00000000 E     1	    call    ReadString
 000000C9  89 45 1C	     1	    mov     DWORD PTR [[ebp+28]], eax
 000000CC  58		     1	    pop     eax
 000000CD  59		     1	    pop     ecx
 000000CE  5A		     1	    pop     edx

				    ; set up for _validationLoop
 000000CF  8B 75 24		    mov     esi, [ebp+36]
 000000D2  8B 4D 1C		    mov     ecx, [ebp+28]       ; setting up counter for loop
				    
 000000D5			_validationLoop:
 000000D5  AC			    LODSB
 000000D6  3C 2D		    cmp     AL, NEG_SIGN
 000000D8  74 3D		    je      _negateY
 000000DA			_continueValidation:
 000000DA  3C 30		    cmp     AL, LO_ASCII_DEC_NUM
 000000DC  72 28		    jb      _error
 000000DE  3C 39		    cmp     AL, HI_ASCII_DEC_NUM
 000000E0  77 24		    ja      _error
 000000E2  2C 30		    sub     AL, FORTY_EIGHT          ; (numChar - 48)
 000000E4  BB 00000000		    mov     ebx, ZERO
				    add     ebx, AL                  ; store current value of AL in ebx, since need AL to multiply
Proj6_byrdr.asm(221) : error A2070:invalid instruction operands
 000000E9  8B 55 2C		    mov     edx, [ebp+44]            ; store offset of numInt in edx
 000000EC  8B 02		    mov     eax, [edx]               ; move value of numInt to eax
 000000EE  BA 0000000A		    mov     edx, 10
 000000F3  F7 E2		    mul     edx
 000000F5  03 C3		    add     eax, ebx
 000000F7  89 45 2C		    mov     DWORD PTR [ebp+44], eax  ; store new numInt value
 000000FA  E2 D9		    LOOP    _validationLOOP
				    
				    ; check if value needs to be negated
 000000FC  8B 5D 34		    mov     ebx, [ebp+52]
 000000FF  83 3B 01		    cmp     DWORD PTR [ebx], ONE
 00000102  74 1E		    je      _performNegate
 00000104  EB 22		    jmp     _finish

 00000106			_error:
				    mdisplayString      [ebp+56]
 00000106  52		     1	    push    edx
 00000107  8B 55 38	     1	    mov     edx, [ebp+56]
 0000010A  E8 00000000 E     1	    call    WriteString
 0000010F  E8 00000000 E     1	    call    CrLf
 00000114  5A		     1	    pop     edx
 00000115  EB 95		    jmp     _tryAgain

 00000117			_negateY:
 00000117  8B 5D 34		    mov     ebx, [ebp+52]
 0000011A  C7 03 00000001	    mov     DWORD PTR [ebx], ONE
 00000120  EB B8		    jmp     _continueValidation

 00000122			_performNegate:
 00000122  F7 1D 000001B5 R	    neg     numInt

 00000128			_finish:
 00000128  5D			    pop     ebp
 00000129  5B		   *	    pop    ebx
 0000012A  5E		   *	    pop    esi
 0000012B  5A		   *	    pop    edx
 0000012C  59		   *	    pop    ecx
 0000012D  58		   *	    pop    eax
 0000012E  C2 0020		    RET     32
 00000131			ReadVal EndP

				;----------------------------------------------------------------------
				; Name: WriteVal
				;
				; Description:
				;
				; Preconditions: 
				;
				; Postconditions:
				;
				; Receives:
				;
				; Returns:
				;----------------------------------------------------------------------
 00000131			WriteVal PROC
 00000131  55			    push    ebp
 00000132  8B EC		    mov     ebp, esp

 00000134  5D			    pop     ebp
 00000135  C3			    RET
 00000136			WriteVal EndP

				;-----------------------------------------------------------------------------
				; Name: Goodbye
				;
				; This procedure terminates program with a goodbye message.
				;
				; Preconditions: Uses mDisplayString - which cannot accept argument using edx. 
				;
				; Postconditions: None
				;
				; Receives:
				;           [ebp+12] = reference of string input parameter - program's goodbye
				;
				; Returns: None
				;------------------------------------------------------------------------------
 00000136			Goodbye PROC USES edx
 00000136  52		   *	    push   edx
 00000137  55			    push    ebp
 00000138  8B EC		    mov     ebp, esp

				    mDisplayString      [ebp+12]
 0000013A  52		     1	    push    edx
 0000013B  8B 55 0C	     1	    mov     edx, [ebp+12]
 0000013E  E8 00000000 E     1	    call    WriteString
 00000143  E8 00000000 E     1	    call    CrLf
 00000148  5A		     1	    pop     edx

 00000149  5D			    pop     ebp
				    RET
 0000014A  5A		   *	    pop    edx
 0000014B  C3		   *	    ret    00000h
 0000014C			Goodbye EndP

				END main
Microsoft (R) Macro Assembler Version 14.28.29913.0	    05/29/21 23:31:49
0String Primitives & MACROs     (Proj6_byrdr.asm	     Symbols 2 - 1




Macros:

                N a m e                 Type

mDisplayString . . . . . . . . .	Proc
mGetString . . . . . . . . . . .	Proc


Structures and Unions:

                N a m e                  Size
                                         Offset      Type

CONSOLE_CURSOR_INFO  . . . . . .	 00000008
  dwSize . . . . . . . . . . . .	 00000000	 DWord
  bVisible . . . . . . . . . . .	 00000004	 DWord
CONSOLE_SCREEN_BUFFER_INFO . . .	 00000016
  dwSize . . . . . . . . . . . .	 00000000	 DWord
  dwCursorPosition . . . . . . .	 00000004	 DWord
  wAttributes  . . . . . . . . .	 00000008	 Word
  srWindow . . . . . . . . . . .	 0000000A	 QWord
  dwMaximumWindowSize  . . . . .	 00000012	 DWord
COORD  . . . . . . . . . . . . .	 00000004
  X  . . . . . . . . . . . . . .	 00000000	 Word
  Y  . . . . . . . . . . . . . .	 00000002	 Word
FILETIME . . . . . . . . . . . .	 00000008
  loDateTime . . . . . . . . . .	 00000000	 DWord
  hiDateTime . . . . . . . . . .	 00000004	 DWord
FOCUS_EVENT_RECORD . . . . . . .	 00000004
  bSetFocus  . . . . . . . . . .	 00000000	 DWord
FPU_ENVIRON  . . . . . . . . . .	 0000001C
  controlWord  . . . . . . . . .	 00000000	 Word
  statusWord . . . . . . . . . .	 00000004	 Word
  tagWord  . . . . . . . . . . .	 00000008	 Word
  instrPointerOffset . . . . . .	 0000000C	 DWord
  instrPointerSelector . . . . .	 00000010	 DWord
  operandPointerOffset . . . . .	 00000014	 DWord
  operandPointerSelector . . . .	 00000018	 Word
INPUT_RECORD . . . . . . . . . .	 00000014
  EventType  . . . . . . . . . .	 00000000	 Word
  Event  . . . . . . . . . . . .	 00000004	 XmmWord
  bKeyDown . . . . . . . . . . .	 00000000	 DWord
  wRepeatCount . . . . . . . . .	 00000004	 Word
  wVirtualKeyCode  . . . . . . .	 00000006	 Word
  wVirtualScanCode . . . . . . .	 00000008	 Word
  uChar  . . . . . . . . . . . .	 0000000A	 Word
  UnicodeChar  . . . . . . . . .	 00000000	 Word
  AsciiChar  . . . . . . . . . .	 00000000	 Byte
  dwControlKeyState  . . . . . .	 0000000C	 DWord
  dwMousePosition  . . . . . . .	 00000000	 DWord
  dwButtonState  . . . . . . . .	 00000004	 DWord
  dwMouseControlKeyState . . . .	 00000008	 DWord
  dwEventFlags . . . . . . . . .	 0000000C	 DWord
  dwSize . . . . . . . . . . . .	 00000000	 DWord
  dwCommandId  . . . . . . . . .	 00000000	 DWord
  bSetFocus  . . . . . . . . . .	 00000000	 DWord
KEY_EVENT_RECORD . . . . . . . .	 00000010
  bKeyDown . . . . . . . . . . .	 00000000	 DWord
  wRepeatCount . . . . . . . . .	 00000004	 Word
  wVirtualKeyCode  . . . . . . .	 00000006	 Word
  wVirtualScanCode . . . . . . .	 00000008	 Word
  uChar  . . . . . . . . . . . .	 0000000A	 Word
  UnicodeChar  . . . . . . . . .	 00000000	 Word
  AsciiChar  . . . . . . . . . .	 00000000	 Byte
  dwControlKeyState  . . . . . .	 0000000C	 DWord
MENU_EVENT_RECORD  . . . . . . .	 00000004
  dwCommandId  . . . . . . . . .	 00000000	 DWord
MOUSE_EVENT_RECORD . . . . . . .	 00000010
  dwMousePosition  . . . . . . .	 00000000	 DWord
  dwButtonState  . . . . . . . .	 00000004	 DWord
  dwMouseControlKeyState . . . .	 00000008	 DWord
  dwEventFlags . . . . . . . . .	 0000000C	 DWord
SMALL_RECT . . . . . . . . . . .	 00000008
  Left . . . . . . . . . . . . .	 00000000	 Word
  Top  . . . . . . . . . . . . .	 00000002	 Word
  Right  . . . . . . . . . . . .	 00000004	 Word
  Bottom . . . . . . . . . . . .	 00000006	 Word
SYSTEMTIME . . . . . . . . . . .	 00000010
  wYear  . . . . . . . . . . . .	 00000000	 Word
  wMonth . . . . . . . . . . . .	 00000002	 Word
  wDayOfWeek . . . . . . . . . .	 00000004	 Word
  wDay . . . . . . . . . . . . .	 00000006	 Word
  wHour  . . . . . . . . . . . .	 00000008	 Word
  wMinute  . . . . . . . . . . .	 0000000A	 Word
  wSecond  . . . . . . . . . . .	 0000000C	 Word
  wMilliseconds  . . . . . . . .	 0000000E	 Word
WINDOW_BUFFER_SIZE_RECORD  . . .	 00000004
  dwSize . . . . . . . . . . . .	 00000000	 DWord


Segments and Groups:

                N a m e                 Size     Length   Align   Combine Class

FLAT . . . . . . . . . . . . . .	GROUP
STACK  . . . . . . . . . . . . .	32 Bit	 00001000 Para	  Stack	  'STACK'	 
_DATA  . . . . . . . . . . . . .	32 Bit	 000001BD Para	  Public  'DATA'	
_TEXT  . . . . . . . . . . . . .	32 Bit	 0000014C Para	  Public  'CODE'	


Procedures, parameters, and locals:

                N a m e                 Type     Value    Attr

CloseFile  . . . . . . . . . . .	P Near	 00000000 FLAT	Length= 00000000 External STDCALL
CloseHandle  . . . . . . . . . .	P Near	 00000000 FLAT	Length= 00000000 External STDCALL
Clrscr . . . . . . . . . . . . .	P Near	 00000000 FLAT	Length= 00000000 External STDCALL
CreateFileA  . . . . . . . . . .	P Near	 00000000 FLAT	Length= 00000000 External STDCALL
CreateOutputFile . . . . . . . .	P Near	 00000000 FLAT	Length= 00000000 External STDCALL
Crlf . . . . . . . . . . . . . .	P Near	 00000000 FLAT	Length= 00000000 External STDCALL
Delay  . . . . . . . . . . . . .	P Near	 00000000 FLAT	Length= 00000000 External STDCALL
DumpMem  . . . . . . . . . . . .	P Near	 00000000 FLAT	Length= 00000000 External STDCALL
DumpRegs . . . . . . . . . . . .	P Near	 00000000 FLAT	Length= 00000000 External STDCALL
ExitProcess  . . . . . . . . . .	P Near	 00000000 FLAT	Length= 00000000 External STDCALL
FileTimeToDosDateTime  . . . . .	P Near	 00000000 FLAT	Length= 00000000 External STDCALL
FileTimeToSystemTime . . . . . .	P Near	 00000000 FLAT	Length= 00000000 External STDCALL
FlushConsoleInputBuffer  . . . .	P Near	 00000000 FLAT	Length= 00000000 External STDCALL
FormatMessageA . . . . . . . . .	P Near	 00000000 FLAT	Length= 00000000 External STDCALL
GetCommandLineA  . . . . . . . .	P Near	 00000000 FLAT	Length= 00000000 External STDCALL
GetCommandTail . . . . . . . . .	P Near	 00000000 FLAT	Length= 00000000 External STDCALL
GetConsoleCP . . . . . . . . . .	P Near	 00000000 FLAT	Length= 00000000 External STDCALL
GetConsoleCursorInfo . . . . . .	P Near	 00000000 FLAT	Length= 00000000 External STDCALL
GetConsoleMode . . . . . . . . .	P Near	 00000000 FLAT	Length= 00000000 External STDCALL
GetConsoleScreenBufferInfo . . .	P Near	 00000000 FLAT	Length= 00000000 External STDCALL
GetDateTime  . . . . . . . . . .	P Near	 00000000 FLAT	Length= 00000000 External STDCALL
GetFileTime  . . . . . . . . . .	P Near	 00000000 FLAT	Length= 00000000 External STDCALL
GetKeyState  . . . . . . . . . .	P Near	 00000000 FLAT	Length= 00000000 External STDCALL
GetLastError . . . . . . . . . .	P Near	 00000000 FLAT	Length= 00000000 External STDCALL
GetLocalTime . . . . . . . . . .	P Near	 00000000 FLAT	Length= 00000000 External STDCALL
GetMaxXY . . . . . . . . . . . .	P Near	 00000000 FLAT	Length= 00000000 External STDCALL
GetMseconds  . . . . . . . . . .	P Near	 00000000 FLAT	Length= 00000000 External STDCALL
GetNumberOfConsoleInputEvents  .	P Near	 00000000 FLAT	Length= 00000000 External STDCALL
GetProcessHeap . . . . . . . . .	P Near	 00000000 FLAT	Length= 00000000 External STDCALL
GetStdHandle . . . . . . . . . .	P Near	 00000000 FLAT	Length= 00000000 External STDCALL
GetSystemTime  . . . . . . . . .	P Near	 00000000 FLAT	Length= 00000000 External STDCALL
GetTextColor . . . . . . . . . .	P Near	 00000000 FLAT	Length= 00000000 External STDCALL
GetTickCount . . . . . . . . . .	P Near	 00000000 FLAT	Length= 00000000 External STDCALL
Goodbye  . . . . . . . . . . . .	P Near	 00000136 _TEXT	Length= 00000016 Public STDCALL
Gotoxy . . . . . . . . . . . . .	P Near	 00000000 FLAT	Length= 00000000 External STDCALL
HeapAlloc  . . . . . . . . . . .	P Near	 00000000 FLAT	Length= 00000000 External STDCALL
HeapCreate . . . . . . . . . . .	P Near	 00000000 FLAT	Length= 00000000 External STDCALL
HeapDestroy  . . . . . . . . . .	P Near	 00000000 FLAT	Length= 00000000 External STDCALL
HeapFree . . . . . . . . . . . .	P Near	 00000000 FLAT	Length= 00000000 External STDCALL
HeapSize . . . . . . . . . . . .	P Near	 00000000 FLAT	Length= 00000000 External STDCALL
Introduction . . . . . . . . . .	P Near	 0000004E _TEXT	Length= 00000031 Public STDCALL
IsDigit  . . . . . . . . . . . .	P Near	 00000000 FLAT	Length= 00000000 External STDCALL
LocalFree  . . . . . . . . . . .	P Near	 00000000 FLAT	Length= 00000000 External STDCALL
MessageBoxA  . . . . . . . . . .	P Near	 00000000 FLAT	Length= 00000000 External STDCALL
MsgBoxAsk  . . . . . . . . . . .	P Near	 00000000 FLAT	Length= 00000000 External STDCALL
MsgBox . . . . . . . . . . . . .	P Near	 00000000 FLAT	Length= 00000000 External STDCALL
OpenInputFile  . . . . . . . . .	P Near	 00000000 FLAT	Length= 00000000 External STDCALL
ParseDecimal32 . . . . . . . . .	P Near	 00000000 FLAT	Length= 00000000 External STDCALL
ParseInteger32 . . . . . . . . .	P Near	 00000000 FLAT	Length= 00000000 External STDCALL
PeekConsoleInputA  . . . . . . .	P Near	 00000000 FLAT	Length= 00000000 External STDCALL
Random32 . . . . . . . . . . . .	P Near	 00000000 FLAT	Length= 00000000 External STDCALL
RandomRange  . . . . . . . . . .	P Near	 00000000 FLAT	Length= 00000000 External STDCALL
Randomize  . . . . . . . . . . .	P Near	 00000000 FLAT	Length= 00000000 External STDCALL
ReadChar . . . . . . . . . . . .	P Near	 00000000 FLAT	Length= 00000000 External STDCALL
ReadConsoleA . . . . . . . . . .	P Near	 00000000 FLAT	Length= 00000000 External STDCALL
ReadConsoleInputA  . . . . . . .	P Near	 00000000 FLAT	Length= 00000000 External STDCALL
ReadDec  . . . . . . . . . . . .	P Near	 00000000 FLAT	Length= 00000000 External STDCALL
ReadFile . . . . . . . . . . . .	P Near	 00000000 FLAT	Length= 00000000 External STDCALL
ReadFloat  . . . . . . . . . . .	P Near	 00000000 FLAT	Length= 00000000 External STDCALL
ReadFromFile . . . . . . . . . .	P Near	 00000000 FLAT	Length= 00000000 External STDCALL
ReadHex  . . . . . . . . . . . .	P Near	 00000000 FLAT	Length= 00000000 External STDCALL
ReadInt  . . . . . . . . . . . .	P Near	 00000000 FLAT	Length= 00000000 External STDCALL
ReadKeyFlush . . . . . . . . . .	P Near	 00000000 FLAT	Length= 00000000 External STDCALL
ReadKey  . . . . . . . . . . . .	P Near	 00000000 FLAT	Length= 00000000 External STDCALL
ReadString . . . . . . . . . . .	P Near	 00000000 FLAT	Length= 00000000 External STDCALL
ReadVal  . . . . . . . . . . . .	P Near	 0000007F _TEXT	Length= 000000B2 Public STDCALL
  _firstTry  . . . . . . . . . .	L Near	 00000087 _TEXT	
  _tryAgain  . . . . . . . . . .	L Near	 000000AC _TEXT	
  _validationLoop  . . . . . . .	L Near	 000000D5 _TEXT	
  _continueValidation  . . . . .	L Near	 000000DA _TEXT	
  _error . . . . . . . . . . . .	L Near	 00000106 _TEXT	
  _negateY . . . . . . . . . . .	L Near	 00000117 _TEXT	
  _performNegate . . . . . . . .	L Near	 00000122 _TEXT	
  _finish  . . . . . . . . . . .	L Near	 00000128 _TEXT	
SetConsoleCursorInfo . . . . . .	P Near	 00000000 FLAT	Length= 00000000 External STDCALL
SetConsoleCursorPosition . . . .	P Near	 00000000 FLAT	Length= 00000000 External STDCALL
SetConsoleMode . . . . . . . . .	P Near	 00000000 FLAT	Length= 00000000 External STDCALL
SetConsoleScreenBufferSize . . .	P Near	 00000000 FLAT	Length= 00000000 External STDCALL
SetConsoleTextAttribute  . . . .	P Near	 00000000 FLAT	Length= 00000000 External STDCALL
SetConsoleTitleA . . . . . . . .	P Near	 00000000 FLAT	Length= 00000000 External STDCALL
SetConsoleWindowInfo . . . . . .	P Near	 00000000 FLAT	Length= 00000000 External STDCALL
SetFilePointer . . . . . . . . .	P Near	 00000000 FLAT	Length= 00000000 External STDCALL
SetLocalTime . . . . . . . . . .	P Near	 00000000 FLAT	Length= 00000000 External STDCALL
SetTextColor . . . . . . . . . .	P Near	 00000000 FLAT	Length= 00000000 External STDCALL
ShowFPUStack . . . . . . . . . .	P Near	 00000000 FLAT	Length= 00000000 External STDCALL
Sleep  . . . . . . . . . . . . .	P Near	 00000000 FLAT	Length= 00000000 External STDCALL
StrLength  . . . . . . . . . . .	P Near	 00000000 FLAT	Length= 00000000 External STDCALL
Str_compare  . . . . . . . . . .	P Near	 00000000 FLAT	Length= 00000000 External STDCALL
Str_copy . . . . . . . . . . . .	P Near	 00000000 FLAT	Length= 00000000 External STDCALL
Str_length . . . . . . . . . . .	P Near	 00000000 FLAT	Length= 00000000 External STDCALL
Str_trim . . . . . . . . . . . .	P Near	 00000000 FLAT	Length= 00000000 External STDCALL
Str_ucase  . . . . . . . . . . .	P Near	 00000000 FLAT	Length= 00000000 External STDCALL
SystemTimeToFileTime . . . . . .	P Near	 00000000 FLAT	Length= 00000000 External STDCALL
WaitMsg  . . . . . . . . . . . .	P Near	 00000000 FLAT	Length= 00000000 External STDCALL
WriteBinB  . . . . . . . . . . .	P Near	 00000000 FLAT	Length= 00000000 External STDCALL
WriteBin . . . . . . . . . . . .	P Near	 00000000 FLAT	Length= 00000000 External STDCALL
WriteChar  . . . . . . . . . . .	P Near	 00000000 FLAT	Length= 00000000 External STDCALL
WriteConsoleA  . . . . . . . . .	P Near	 00000000 FLAT	Length= 00000000 External STDCALL
WriteConsoleOutputAttribute  . .	P Near	 00000000 FLAT	Length= 00000000 External STDCALL
WriteConsoleOutputCharacterA . .	P Near	 00000000 FLAT	Length= 00000000 External STDCALL
WriteDec . . . . . . . . . . . .	P Near	 00000000 FLAT	Length= 00000000 External STDCALL
WriteFile  . . . . . . . . . . .	P Near	 00000000 FLAT	Length= 00000000 External STDCALL
WriteFloat . . . . . . . . . . .	P Near	 00000000 FLAT	Length= 00000000 External STDCALL
WriteHexB  . . . . . . . . . . .	P Near	 00000000 FLAT	Length= 00000000 External STDCALL
WriteHex . . . . . . . . . . . .	P Near	 00000000 FLAT	Length= 00000000 External STDCALL
WriteInt . . . . . . . . . . . .	P Near	 00000000 FLAT	Length= 00000000 External STDCALL
WriteStackFrameName  . . . . . .	P Near	 00000000 FLAT	Length= 00000000 External STDCALL
WriteStackFrame  . . . . . . . .	P Near	 00000000 FLAT	Length= 00000000 External STDCALL
WriteString  . . . . . . . . . .	P Near	 00000000 FLAT	Length= 00000000 External STDCALL
WriteToFile  . . . . . . . . . .	P Near	 00000000 FLAT	Length= 00000000 External STDCALL
WriteVal . . . . . . . . . . . .	P Near	 00000131 _TEXT	Length= 00000005 Public STDCALL
WriteWindowsMsg  . . . . . . . .	P Near	 00000000 FLAT	Length= 00000000 External STDCALL
main . . . . . . . . . . . . . .	P Near	 00000000 _TEXT	Length= 0000004E Public STDCALL
  _inputLoop . . . . . . . . . .	L Near	 0000000F _TEXT	
  _error . . . . . . . . . . . .	L Near	 0000003D _TEXT	
  _continue  . . . . . . . . . .	L Near	 0000003D _TEXT	
printf . . . . . . . . . . . . .	P Near	 00000000 FLAT	Length= 00000000 External C
scanf  . . . . . . . . . . . . .	P Near	 00000000 FLAT	Length= 00000000 External C
wsprintfA  . . . . . . . . . . .	P Near	 00000000 FLAT	Length= 00000000 External C


Symbols:

                N a m e                 Type     Value    Attr

@CodeSize  . . . . . . . . . . .	Number	 00000000h   
@DataSize  . . . . . . . . . . .	Number	 00000000h   
@Interface . . . . . . . . . . .	Number	 00000003h   
@Model . . . . . . . . . . . . .	Number	 00000007h   
@code  . . . . . . . . . . . . .	Text   	 _TEXT
@data  . . . . . . . . . . . . .	Text   	 FLAT
@fardata?  . . . . . . . . . . .	Text   	 FLAT
@fardata . . . . . . . . . . . .	Text   	 FLAT
@stack . . . . . . . . . . . . .	Text   	 FLAT
ALT_MASK . . . . . . . . . . . .	Number	 00000003h   
CAPSLOCK_ON  . . . . . . . . . .	Number	 00000080h   
CREATE_ALWAYS  . . . . . . . . .	Number	 00000002h   
CREATE_NEW . . . . . . . . . . .	Number	 00000001h   
CTRL_MASK  . . . . . . . . . . .	Number	 0000000Ch   
CreateFile . . . . . . . . . . .	Text   	 CreateFileA
DO_NOT_SHARE . . . . . . . . . .	Number	 00000000h   
ENABLE_ECHO_INPUT  . . . . . . .	Number	 00000004h   
ENABLE_LINE_INPUT  . . . . . . .	Number	 00000002h   
ENABLE_MOUSE_INPUT . . . . . . .	Number	 00000010h   
ENABLE_PROCESSED_INPUT . . . . .	Number	 00000001h   
ENABLE_PROCESSED_OUTPUT  . . . .	Number	 00000001h   
ENABLE_WINDOW_INPUT  . . . . . .	Number	 00000008h   
ENABLE_WRAP_AT_EOL_OUTPUT  . . .	Number	 00000002h   
ENHANCED_KEY . . . . . . . . . .	Number	 00000100h   
FALSE  . . . . . . . . . . . . .	Number	 00000000h   
FILE_APPEND_DATA . . . . . . . .	Number	 00000004h   
FILE_ATTRIBUTE_ARCHIVE . . . . .	Number	 00000020h   
FILE_ATTRIBUTE_COMPRESSED  . . .	Number	 00000800h   
FILE_ATTRIBUTE_DEVICE  . . . . .	Number	 00000040h   
FILE_ATTRIBUTE_DIRECTORY . . . .	Number	 00000010h   
FILE_ATTRIBUTE_ENCRYPTED . . . .	Number	 00004000h   
FILE_ATTRIBUTE_HIDDEN  . . . . .	Number	 00000002h   
FILE_ATTRIBUTE_NORMAL  . . . . .	Number	 00000080h   
FILE_ATTRIBUTE_NOT_CONTENT_INDEXED .	Number	 00002000h   
FILE_ATTRIBUTE_OFFLINE . . . . .	Number	 00001000h   
FILE_ATTRIBUTE_READONLY  . . . .	Number	 00000001h   
FILE_ATTRIBUTE_REPARSE_POINT . .	Number	 00000400h   
FILE_ATTRIBUTE_SPARSE_FILE . . .	Number	 00000200h   
FILE_ATTRIBUTE_SYSTEM  . . . . .	Number	 00000004h   
FILE_ATTRIBUTE_TEMPORARY . . . .	Number	 00000100h   
FILE_BEGIN . . . . . . . . . . .	Number	 00000000h   
FILE_CURRENT . . . . . . . . . .	Number	 00000001h   
FILE_DELETE_CHILD  . . . . . . .	Number	 00000040h   
FILE_END . . . . . . . . . . . .	Number	 00000002h   
FILE_READ_DATA . . . . . . . . .	Number	 00000001h   
FILE_SHARE_DELETE  . . . . . . .	Number	 00000004h   
FILE_SHARE_READ  . . . . . . . .	Number	 00000001h   
FILE_SHARE_WRITE . . . . . . . .	Number	 00000002h   
FILE_WRITE_DATA  . . . . . . . .	Number	 00000002h   
FOCUS_EVENT  . . . . . . . . . .	Number	 00000010h   
FORMAT_MESSAGE_ALLOCATE_BUFFER .	Number	 00000100h   
FORMAT_MESSAGE_FROM_SYSTEM . . .	Number	 00001000h   
FORTY_EIGHT  . . . . . . . . . .	Number	 00000030h   
FormatMessage  . . . . . . . . .	Text   	 FormatMessageA
GENERIC_ALL  . . . . . . . . . .	Number	 10000000h   
GENERIC_EXECUTE  . . . . . . . .	Number	 20000000h   
GENERIC_READ . . . . . . . . . .	Number	 -80000000h   
GENERIC_WRITE  . . . . . . . . .	Number	 40000000h   
GetCommandLine . . . . . . . . .	Text   	 GetCommandLineA
HANDLE . . . . . . . . . . . . .	Text   	 DWORD
HEAP_GENERATE_EXCEPTIONS . . . .	Number	 00000004h   
HEAP_GROWABLE  . . . . . . . . .	Number	 00000002h   
HEAP_NO_SERIALIZE  . . . . . . .	Number	 00000001h   
HEAP_REALLOC_IN_PLACE_ONLY . . .	Number	 00000010h   
HEAP_ZERO_MEMORY . . . . . . . .	Number	 00000008h   
HI_ASCII_DEC_NUM . . . . . . . .	Number	 00000039h   
HI_INT_SDWORD  . . . . . . . . .	Number	 7FFFFFFFh   
IDABORT  . . . . . . . . . . . .	Number	 00000003h   
IDCANCEL . . . . . . . . . . . .	Number	 00000002h   
IDCLOSE  . . . . . . . . . . . .	Number	 00000008h   
IDCONTINUE . . . . . . . . . . .	Number	 0000000Bh   
IDHELP . . . . . . . . . . . . .	Number	 00000009h   
IDIGNORE . . . . . . . . . . . .	Number	 00000005h   
IDNO . . . . . . . . . . . . . .	Number	 00000007h   
IDOK . . . . . . . . . . . . . .	Number	 00000001h   
IDRETRY  . . . . . . . . . . . .	Number	 00000004h   
IDTIMEOUT  . . . . . . . . . . .	Number	 00007D00h   
IDTRYAGAIN . . . . . . . . . . .	Number	 0000000Ah   
IDYES  . . . . . . . . . . . . .	Number	 00000006h   
INVALID_HANDLE_VALUE . . . . . .	Number	 -00000001h   
KBDOWN_FLAG  . . . . . . . . . .	Number	 00000001h   
KEY_EVENT  . . . . . . . . . . .	Number	 00000001h   
KEY_MASKS  . . . . . . . . . . .	Number	 0000001Fh   
LEFT_ALT_PRESSED . . . . . . . .	Number	 00000002h   
LEFT_CTRL_PRESSED  . . . . . . .	Number	 00000008h   
LO_ASCII_DEC_NUM . . . . . . . .	Number	 00000030h   
LO_INT_SDWORD  . . . . . . . . .	Number	 -80000000h   
MB_ABORTRETRYIGNORE  . . . . . .	Number	 00000002h   
MB_APPLMODAL . . . . . . . . . .	Number	 00000000h   
MB_CANCELTRYCONTINUE . . . . . .	Number	 00000006h   
MB_DEFBUTTON1  . . . . . . . . .	Number	 00000000h   
MB_DEFBUTTON2  . . . . . . . . .	Number	 00000100h   
MB_DEFBUTTON3  . . . . . . . . .	Number	 00000200h   
MB_DEFBUTTON4  . . . . . . . . .	Number	 00000300h   
MB_HELP  . . . . . . . . . . . .	Number	 00004000h   
MB_ICONASTERISK  . . . . . . . .	Number	 00000040h   
MB_ICONERROR . . . . . . . . . .	Number	 00000010h   
MB_ICONEXCLAMATION . . . . . . .	Number	 00000030h   
MB_ICONHAND  . . . . . . . . . .	Number	 00000010h   
MB_ICONINFORMATION . . . . . . .	Number	 00000040h   
MB_ICONQUESTION  . . . . . . . .	Number	 00000020h   
MB_ICONSTOP  . . . . . . . . . .	Number	 00000010h   
MB_ICONWARNING . . . . . . . . .	Number	 00000030h   
MB_OKCANCEL  . . . . . . . . . .	Number	 00000001h   
MB_OK  . . . . . . . . . . . . .	Number	 00000000h   
MB_RETRYCANCEL . . . . . . . . .	Number	 00000005h   
MB_SYSTEMMODAL . . . . . . . . .	Number	 00001000h   
MB_TASKMODAL . . . . . . . . . .	Number	 00002000h   
MB_USERICON  . . . . . . . . . .	Number	 00000080h   
MB_YESNOCANCEL . . . . . . . . .	Number	 00000003h   
MB_YESNO . . . . . . . . . . . .	Number	 00000004h   
MENU_EVENT . . . . . . . . . . .	Number	 00000008h   
MOUSE_EVENT  . . . . . . . . . .	Number	 00000002h   
MessageBox . . . . . . . . . . .	Text   	 MessageBoxA
NEG_SIGN . . . . . . . . . . . .	Number	 0000002Dh   
NULL . . . . . . . . . . . . . .	Number	 00000000h   
NUMLOCK_ON . . . . . . . . . . .	Number	 00000020h   
ONE  . . . . . . . . . . . . . .	Number	 00000001h   
OPEN_ALWAYS  . . . . . . . . . .	Number	 00000004h   
OPEN_EXISTING  . . . . . . . . .	Number	 00000003h   
PeekConsoleInput . . . . . . . .	Text   	 PeekConsoleInputA
RIGHT_ALT_PRESSED  . . . . . . .	Number	 00000001h   
RIGHT_CTRL_PRESSED . . . . . . .	Number	 00000004h   
ReadConsoleInput . . . . . . . .	Text   	 ReadConsoleInputA
ReadConsole  . . . . . . . . . .	Text   	 ReadConsoleA
SCROLLLOCK_ON  . . . . . . . . .	Number	 00000040h   
SHIFT_MASK . . . . . . . . . . .	Number	 00000010h   
SHIFT_PRESSED  . . . . . . . . .	Number	 00000010h   
STD_ERROR_HANDLE . . . . . . . .	Number	 -0000000Ch   
STD_INPUT_HANDLE . . . . . . . .	Number	 -0000000Ah   
STD_OUTPUT_HANDLE  . . . . . . .	Number	 -0000000Bh   
SetConsoleTitle  . . . . . . . .	Text   	 SetConsoleTitleA
TAB  . . . . . . . . . . . . . .	Number	 00000009h   
TEN  . . . . . . . . . . . . . .	Number	 0000000Ah   
TRUE . . . . . . . . . . . . . .	Number	 00000001h   
TRUNCATE_EXISTING  . . . . . . .	Number	 00000005h   
VK_11  . . . . . . . . . . . . .	Number	 000000BDh   
VK_12  . . . . . . . . . . . . .	Number	 000000BBh   
VK_ADD . . . . . . . . . . . . .	Number	 0000006Bh   
VK_BACK  . . . . . . . . . . . .	Number	 00000008h   
VK_CANCEL  . . . . . . . . . . .	Number	 00000003h   
VK_CAPITAL . . . . . . . . . . .	Number	 00000014h   
VK_CLEAR . . . . . . . . . . . .	Number	 0000000Ch   
VK_CONTROL . . . . . . . . . . .	Number	 00000011h   
VK_DECIMAL . . . . . . . . . . .	Number	 0000006Eh   
VK_DELETE  . . . . . . . . . . .	Number	 0000002Eh   
VK_DIVIDE  . . . . . . . . . . .	Number	 0000006Fh   
VK_DOWN  . . . . . . . . . . . .	Number	 00000028h   
VK_END . . . . . . . . . . . . .	Number	 00000023h   
VK_ESCAPE  . . . . . . . . . . .	Number	 0000001Bh   
VK_EXECUTE . . . . . . . . . . .	Number	 0000002Bh   
VK_F10 . . . . . . . . . . . . .	Number	 00000079h   
VK_F11 . . . . . . . . . . . . .	Number	 0000007Ah   
VK_F12 . . . . . . . . . . . . .	Number	 0000007Bh   
VK_F13 . . . . . . . . . . . . .	Number	 0000007Ch   
VK_F14 . . . . . . . . . . . . .	Number	 0000007Dh   
VK_F15 . . . . . . . . . . . . .	Number	 0000007Eh   
VK_F16 . . . . . . . . . . . . .	Number	 0000007Fh   
VK_F17 . . . . . . . . . . . . .	Number	 00000080h   
VK_F18 . . . . . . . . . . . . .	Number	 00000081h   
VK_F19 . . . . . . . . . . . . .	Number	 00000082h   
VK_F1  . . . . . . . . . . . . .	Number	 00000070h   
VK_F20 . . . . . . . . . . . . .	Number	 00000083h   
VK_F21 . . . . . . . . . . . . .	Number	 00000084h   
VK_F22 . . . . . . . . . . . . .	Number	 00000085h   
VK_F23 . . . . . . . . . . . . .	Number	 00000086h   
VK_F24 . . . . . . . . . . . . .	Number	 00000087h   
VK_F2  . . . . . . . . . . . . .	Number	 00000071h   
VK_F3  . . . . . . . . . . . . .	Number	 00000072h   
VK_F4  . . . . . . . . . . . . .	Number	 00000073h   
VK_F5  . . . . . . . . . . . . .	Number	 00000074h   
VK_F6  . . . . . . . . . . . . .	Number	 00000075h   
VK_F7  . . . . . . . . . . . . .	Number	 00000076h   
VK_F8  . . . . . . . . . . . . .	Number	 00000077h   
VK_F9  . . . . . . . . . . . . .	Number	 00000078h   
VK_HELP  . . . . . . . . . . . .	Number	 0000002Fh   
VK_HOME  . . . . . . . . . . . .	Number	 00000024h   
VK_INSERT  . . . . . . . . . . .	Number	 0000002Dh   
VK_LBUTTON . . . . . . . . . . .	Number	 00000001h   
VK_LCONTROL  . . . . . . . . . .	Number	 000000A2h   
VK_LEFT  . . . . . . . . . . . .	Number	 00000025h   
VK_LMENU . . . . . . . . . . . .	Number	 000000A4h   
VK_LSHIFT  . . . . . . . . . . .	Number	 000000A0h   
VK_MENU  . . . . . . . . . . . .	Number	 00000012h   
VK_MULTIPLY  . . . . . . . . . .	Number	 0000006Ah   
VK_NEXT  . . . . . . . . . . . .	Number	 00000022h   
VK_NUMLOCK . . . . . . . . . . .	Number	 00000090h   
VK_NUMPAD0 . . . . . . . . . . .	Number	 00000060h   
VK_NUMPAD1 . . . . . . . . . . .	Number	 00000061h   
VK_NUMPAD2 . . . . . . . . . . .	Number	 00000062h   
VK_NUMPAD3 . . . . . . . . . . .	Number	 00000063h   
VK_NUMPAD4 . . . . . . . . . . .	Number	 00000064h   
VK_NUMPAD5 . . . . . . . . . . .	Number	 00000065h   
VK_NUMPAD6 . . . . . . . . . . .	Number	 00000066h   
VK_NUMPAD7 . . . . . . . . . . .	Number	 00000067h   
VK_NUMPAD8 . . . . . . . . . . .	Number	 00000068h   
VK_NUMPAD9 . . . . . . . . . . .	Number	 00000069h   
VK_PAUSE . . . . . . . . . . . .	Number	 00000013h   
VK_PRINT . . . . . . . . . . . .	Number	 0000002Ah   
VK_PRIOR . . . . . . . . . . . .	Number	 00000021h   
VK_RBUTTON . . . . . . . . . . .	Number	 00000002h   
VK_RCONTROL  . . . . . . . . . .	Number	 000000A3h   
VK_RETURN  . . . . . . . . . . .	Number	 0000000Dh   
VK_RIGHT . . . . . . . . . . . .	Number	 00000027h   
VK_RMENU . . . . . . . . . . . .	Number	 000000A5h   
VK_RSHIFT  . . . . . . . . . . .	Number	 000000A1h   
VK_SCROLL  . . . . . . . . . . .	Number	 00000091h   
VK_SEPARATER . . . . . . . . . .	Number	 0000006Ch   
VK_SHIFT . . . . . . . . . . . .	Number	 00000010h   
VK_SNAPSHOT  . . . . . . . . . .	Number	 0000002Ch   
VK_SPACE . . . . . . . . . . . .	Number	 00000020h   
VK_SUBTRACT  . . . . . . . . . .	Number	 0000006Dh   
VK_TAB . . . . . . . . . . . . .	Number	 00000009h   
VK_UP  . . . . . . . . . . . . .	Number	 00000026h   
WINDOW_BUFFER_SIZE_EVENT . . . .	Number	 00000004h   
WriteConsoleOutputCharacter  . .	Text   	 WriteConsoleOutputCharacterA
WriteConsole . . . . . . . . . .	Text   	 WriteConsoleA
ZERO . . . . . . . . . . . . . .	Number	 00000000h   
black  . . . . . . . . . . . . .	Number	 00000000h   
blue . . . . . . . . . . . . . .	Number	 00000001h   
brown  . . . . . . . . . . . . .	Number	 00000006h   
byteCount  . . . . . . . . . . .	DWord	 000001B1 _DATA	
cyan . . . . . . . . . . . . . .	Number	 00000003h   
errorMessage . . . . . . . . . .	Byte	 00000117 _DATA	
exit . . . . . . . . . . . . . .	Text   	 INVOKE ExitProcess,0
goodbyeMessage . . . . . . . . .	Byte	 0000015F _DATA	
gray . . . . . . . . . . . . . .	Number	 00000008h   
green  . . . . . . . . . . . . .	Number	 00000002h   
lightBlue  . . . . . . . . . . .	Number	 00000009h   
lightCyan  . . . . . . . . . . .	Number	 0000000Bh   
lightGray  . . . . . . . . . . .	Number	 00000007h   
lightGreen . . . . . . . . . . .	Number	 0000000Ah   
lightMagenta . . . . . . . . . .	Number	 0000000Dh   
lightRed . . . . . . . . . . . .	Number	 0000000Ch   
magenta  . . . . . . . . . . . .	Number	 00000005h   
maxCharUserNum . . . . . . . . .	DWord	 000001AD _DATA	
negate . . . . . . . . . . . . .	DWord	 000001B9 _DATA	
numInt . . . . . . . . . . . . .	DWord	 000001B5 _DATA	
programDescription . . . . . . .	Byte	 00000041 _DATA	
programTitle . . . . . . . . . .	Byte	 00000000 _DATA	
red  . . . . . . . . . . . . . .	Number	 00000004h   
secondUserPrompt . . . . . . . .	Byte	 0000010B _DATA	
userNum  . . . . . . . . . . . .	Byte	 0000019E _DATA	
userPrompt . . . . . . . . . . .	Byte	 000000EF _DATA	
white  . . . . . . . . . . . . .	Number	 0000000Fh   
wsprintf . . . . . . . . . . . .	Text   	 wsprintfA
yellow . . . . . . . . . . . . .	Number	 0000000Eh   

	   0 Warnings
	   1 Errors
